7/3/2023 1:21:00 PM (Server): Server running on http://localhost:3100
7/3/2023 1:21:09 PM (Server): File path: C:\Projects\antimonyiq\website\index.html
7/3/2023 1:21:09 PM (Server): Content type: text/html
7/3/2023 1:21:09 PM (Server): File path: C:\Projects\antimonyiq\website\assets\css\style.css
7/3/2023 1:21:09 PM (Server): Content type: text/css
7/3/2023 1:21:09 PM (Server): File path: C:\Projects\antimonyiq\website\assets\js\main.js
7/3/2023 1:21:09 PM (Server): Content type: text/javascript
7/3/2023 1:21:10 PM (Server): Content type: text/css
7/3/2023 1:21:10 PM (Server): File path: C:\Projects\antimonyiq\website\assets\css\print.css
7/3/2023 1:21:13 PM (Server): ENOENT: no such file or directory, open 'C:\Projects\antimonyiq\website\favicon.ico'
7/3/2023 1:21:17 PM (Server): File path: C:\Projects\antimonyiq\website\manifest.json
7/3/2023 1:21:17 PM (Server): Content type: application/octet-stream
7/3/2023 1:21:43 PM (Server): File path: C:\Projects\antimonyiq\website\files\AntimonyIQ.pdf
7/3/2023 1:21:43 PM (Server): Content type: application/pdf
7/3/2023 1:22:15 PM (Server): File path: C:\Projects\antimonyiq\website\manifest.json
7/3/2023 1:22:15 PM (Server): Content type: application/octet-stream
7/4/2023 12:27:18 AM (Server): Server running on http://localhost:3100
7/4/2023 12:28:09 AM (Server): Server running on http://localhost:3300
7/4/2023 12:28:59 AM (Server): Server running on http://192.168.6.141:3300
7/4/2023 12:29:05 AM (Server): File path: C:\Projects\antimonyiq\website\index.html
7/4/2023 12:29:05 AM (Server): Content type: text/html
7/4/2023 12:29:05 AM (Server): File path: C:\Projects\antimonyiq\website\assets\css\style.css
7/4/2023 12:29:05 AM (Server): Content type: text/css
7/4/2023 12:29:05 AM (Server): File path: C:\Projects\antimonyiq\website\assets\js\main.js
7/4/2023 12:29:05 AM (Server): Content type: text/javascript
7/4/2023 12:29:06 AM (Server): File path: C:\Projects\antimonyiq\website\assets\css\print.css
7/4/2023 12:29:06 AM (Server): Content type: text/css
7/4/2023 12:29:08 AM (Server): ENOENT: no such file or directory, open 'C:\Projects\antimonyiq\website\favicon.ico'
7/4/2023 12:29:10 AM (Server): ENOENT: no such file or directory, open 'C:\Projects\antimonyiq\website\favicon.ico'
7/4/2023 12:29:11 AM (Server): File path: C:\Projects\antimonyiq\website\assets\css\style.css
7/4/2023 12:29:11 AM (Server): Content type: text/css
7/4/2023 12:29:11 AM (Server): File path: C:\Projects\antimonyiq\website\assets\css\print.css
7/4/2023 12:29:11 AM (Server): Content type: text/css
7/4/2023 12:29:11 AM (Server): File path: C:\Projects\antimonyiq\website\manifest.json
7/4/2023 12:29:11 AM (Server): Content type: application/octet-stream
8/4/2023 4:48:12 AM (Server): Server running on http://localhost:3100
8/4/2023 4:48:20 AM (Server): File path: C:\Projects\antimonyiq\website\index.html
8/4/2023 4:48:20 AM (Server): Content type: text/html
8/4/2023 4:48:21 AM (Server): File path: C:\Projects\antimonyiq\website\assets\css\style.css
8/4/2023 4:48:21 AM (Server): Content type: text/css
8/4/2023 4:48:21 AM (Server): File path: C:\Projects\antimonyiq\website\assets\js\main.js
8/4/2023 4:48:21 AM (Server): Content type: text/javascript
8/4/2023 4:48:23 AM (Server): File path: C:\Projects\antimonyiq\website\assets\css\print.css
8/4/2023 4:48:23 AM (Server): Content type: text/css
8/4/2023 4:48:25 AM (Server): ENOENT: no such file or directory, open 'C:\Projects\antimonyiq\website\favicon.ico'
8/4/2023 4:48:27 AM (Server): File path: C:\Projects\antimonyiq\website\manifest.json
8/4/2023 4:48:27 AM (Server): Content type: application/octet-stream
8/4/2023 4:48:27 AM (Server): ENOENT: no such file or directory, open 'C:\Projects\antimonyiq\website\favicon.ico'
8/4/2023 4:48:43 AM (Server): File path: C:\Projects\antimonyiq\website\index.html
8/4/2023 4:48:43 AM (Server): Content type: text/html
8/4/2023 4:48:43 AM (Server): File path: C:\Projects\antimonyiq\website\assets\css\style.css
8/4/2023 4:48:43 AM (Server): Content type: text/css
8/4/2023 4:48:43 AM (Server): File path: C:\Projects\antimonyiq\website\assets\js\main.js
8/4/2023 4:48:43 AM (Server): Content type: text/javascript
8/4/2023 4:48:44 AM (Server): File path: C:\Projects\antimonyiq\website\assets\css\print.css
8/4/2023 4:48:44 AM (Server): Content type: text/css
8/4/2023 4:48:44 AM (Server): ENOENT: no such file or directory, open 'C:\Projects\antimonyiq\website\favicon.ico'
8/4/2023 4:48:48 AM (Server): File path: C:\Projects\antimonyiq\website\manifest.json
8/4/2023 4:48:48 AM (Server): Content type: application/octet-stream
8/4/2023 4:49:20 AM (Server): File path: C:\Projects\antimonyiq\website\assets\css\style.css
8/4/2023 4:49:20 AM (Server): Content type: text/css
8/4/2023 4:49:20 AM (Server): File path: C:\Projects\antimonyiq\website\assets\css\print.css
8/4/2023 4:49:20 AM (Server): Content type: text/css
8/4/2023 4:49:20 AM (Server): File path: C:\Projects\antimonyiq\website\manifest.json
8/4/2023 4:49:20 AM (Server): Content type: application/octet-stream
8/4/2023 5:24:42 AM (Server): Server running on http://localhost:3100
8/4/2023 5:30:39 AM (Server): Server running on http://localhost:3100
8/4/2023 5:30:52 AM (Server): File path: C:\Projects\antimonyiq\website\index.html
8/4/2023 5:30:52 AM (Server): Content type: text/html
8/4/2023 5:30:52 AM (Server): Content type: text/css
8/4/2023 5:30:52 AM (Server): File path: C:\Projects\antimonyiq\website\assets\css\style.css
8/4/2023 5:30:53 AM (Server): File path: C:\Projects\antimonyiq\website\assets\js\main.js
8/4/2023 5:30:53 AM (Server): Content type: text/javascript
8/4/2023 5:30:55 AM (Server): File path: C:\Projects\antimonyiq\website\assets\css\print.css
8/4/2023 5:30:55 AM (Server): Content type: text/css
8/4/2023 5:30:58 AM (Server): ENOENT: no such file or directory, open 'C:\Projects\antimonyiq\website\favicon.ico'
8/4/2023 5:31:00 AM (Server): File path: C:\Projects\antimonyiq\website\manifest.json
8/4/2023 5:31:00 AM (Server): Content type: application/octet-stream
8/4/2023 5:35:04 AM (Server): File path: C:\Projects\antimonyiq\website\index.html
8/4/2023 5:35:04 AM (Server): Content type: text/html
8/4/2023 5:35:04 AM (Server): File path: C:\Projects\antimonyiq\website\assets\css\style.css
8/4/2023 5:35:04 AM (Server): Content type: text/css
8/4/2023 5:35:04 AM (Server): File path: C:\Projects\antimonyiq\website\assets\js\main.js
8/4/2023 5:35:04 AM (Server): Content type: text/javascript
8/4/2023 5:35:05 AM (Server): File path: C:\Projects\antimonyiq\website\assets\css\print.css
8/4/2023 5:35:05 AM (Server): Content type: text/css
8/4/2023 5:35:07 AM (Server): ENOENT: no such file or directory, open 'C:\Projects\antimonyiq\website\favicon.ico'
8/4/2023 5:35:09 AM (Server): File path: C:\Projects\antimonyiq\website\manifest.json
8/4/2023 5:35:09 AM (Server): Content type: application/octet-stream
8/4/2023 5:39:30 AM (Server): Server running on http://localhost:3100
8/4/2023 5:39:31 AM (Server): File path: C:\Projects\antimonyiq\website\index.html
8/4/2023 5:39:31 AM (Server): Content type: text/html
8/4/2023 5:39:31 AM (Server): File path: C:\Projects\antimonyiq\website\assets\css\style.css
8/4/2023 5:39:31 AM (Server): Content type: text/css
8/4/2023 5:39:31 AM (Server): File path: C:\Projects\antimonyiq\website\assets\js\main.js
8/4/2023 5:39:31 AM (Server): Content type: text/javascript
8/4/2023 5:39:32 AM (Server): File path: C:\Projects\antimonyiq\website\libs\uuid.js
8/4/2023 5:39:32 AM (Server): Content type: text/javascript
8/4/2023 5:39:32 AM (Server): File path: C:\Projects\antimonyiq\website\utils\filelogger.js
8/4/2023 5:39:32 AM (Server): Content type: text/javascript
8/4/2023 5:39:34 AM (Server): File path: C:\Projects\antimonyiq\website\assets\css\print.css
8/4/2023 5:39:34 AM (Server): Content type: text/css
8/4/2023 5:39:36 AM (Server): ENOENT: no such file or directory, open 'C:\Projects\antimonyiq\website\favicon.ico'
8/4/2023 5:39:38 AM (Server): File path: C:\Projects\antimonyiq\website\manifest.json
8/4/2023 5:39:38 AM (Server): Content type: application/octet-stream
8/6/2023 1:02:32 PM (Server): Server running on http://localhost:3000
8/6/2023 1:02:50 PM (Server): File path: C:\Projects\antimonyiq\website\index.html
8/6/2023 1:02:50 PM (Server): Content type: text/html
8/6/2023 1:02:51 PM (Server): File path: C:\Projects\antimonyiq\website\utils\filelogger.js
8/6/2023 1:02:51 PM (Server): Content type: text/javascript
8/6/2023 1:02:51 PM (Server): File path: C:\Projects\antimonyiq\website\assets\css\style.css
8/6/2023 1:02:51 PM (Server): Content type: text/css
8/6/2023 1:02:51 PM (Server): File path: C:\Projects\antimonyiq\website\libs\uuid.js
8/6/2023 1:02:51 PM (Server): Content type: text/javascript
8/6/2023 1:02:51 PM (Server): File path: C:\Projects\antimonyiq\website\assets\js\main.js
8/6/2023 1:02:51 PM (Server): Content type: text/javascript
8/6/2023 1:02:52 PM (Server): File path: C:\Projects\antimonyiq\website\assets\css\print.css
8/6/2023 1:02:52 PM (Server): Content type: text/css
8/6/2023 1:02:53 PM (Server): File path: C:\Projects\antimonyiq\website\favicon.ico
8/6/2023 1:02:53 PM (Server): Content type: application/octet-stream
8/6/2023 1:02:56 PM (Server): File path: C:\Projects\antimonyiq\website\favicon.ico
8/6/2023 1:02:56 PM (Server): Content type: application/octet-stream
8/6/2023 1:02:56 PM (Server): File path: C:\Projects\antimonyiq\website\manifest.json
8/6/2023 1:02:56 PM (Server): Content type: application/octet-stream
8/6/2023 1:03:07 PM (Server): File path: C:\Projects\antimonyiq\website\assets\css\style.css
8/6/2023 1:03:07 PM (Server): Content type: text/css
8/6/2023 1:03:07 PM (Server): File path: C:\Projects\antimonyiq\website\assets\css\print.css
8/6/2023 1:03:07 PM (Server): File path: C:\Projects\antimonyiq\website\manifest.json
8/6/2023 1:03:07 PM (Server): Content type: application/octet-stream
8/6/2023 1:03:07 PM (Server): Content type: text/css
8/6/2023 1:04:56 PM (Server): File path: C:\Projects\antimonyiq\website\index.html
8/6/2023 1:04:56 PM (Server): Content type: text/html
8/6/2023 1:04:57 PM (Server): Content type: text/css
8/6/2023 1:04:57 PM (Server): File path: C:\Projects\antimonyiq\website\assets\css\style.css
8/6/2023 1:04:57 PM (Server): File path: C:\Projects\antimonyiq\website\assets\js\main.js
8/6/2023 1:04:57 PM (Server): Content type: text/javascript
8/6/2023 1:04:57 PM (Server): Content type: text/javascript
8/6/2023 1:04:57 PM (Server): File path: C:\Projects\antimonyiq\website\libs\uuid.js
8/6/2023 1:04:57 PM (Server): File path: C:\Projects\antimonyiq\website\utils\filelogger.js
8/6/2023 1:04:57 PM (Server): Content type: text/javascript
8/6/2023 1:04:58 PM (Server): File path: C:\Projects\antimonyiq\website\assets\css\print.css
8/6/2023 1:04:58 PM (Server): Content type: text/css
8/6/2023 1:05:00 PM (Server): File path: C:\Projects\antimonyiq\website\favicon.ico
8/6/2023 1:05:00 PM (Server): Content type: application/octet-stream
8/6/2023 1:05:02 PM (Server): File path: C:\Projects\antimonyiq\website\favicon.ico
8/6/2023 1:05:02 PM (Server): Content type: application/octet-stream
8/6/2023 1:05:03 PM (Server): File path: C:\Projects\antimonyiq\website\manifest.json
8/6/2023 1:05:03 PM (Server): Content type: application/octet-stream
8/6/2023 1:05:17 PM (Server): File path: C:\Projects\antimonyiq\website\index.html
8/6/2023 1:05:17 PM (Server): Content type: text/html
8/6/2023 1:05:17 PM (Server): File path: C:\Projects\antimonyiq\website\assets\css\style.css
8/6/2023 1:05:17 PM (Server): Content type: text/css
8/6/2023 1:05:17 PM (Server): Content type: text/javascript
8/6/2023 1:05:17 PM (Server): File path: C:\Projects\antimonyiq\website\assets\js\main.js
8/6/2023 1:05:17 PM (Server): File path: C:\Projects\antimonyiq\website\utils\filelogger.js
8/6/2023 1:05:17 PM (Server): Content type: text/javascript
8/6/2023 1:05:17 PM (Server): File path: C:\Projects\antimonyiq\website\libs\uuid.js
8/6/2023 1:05:17 PM (Server): Content type: text/javascript
8/6/2023 1:05:18 PM (Server): File path: C:\Projects\antimonyiq\website\assets\css\print.css
8/6/2023 1:05:18 PM (Server): Content type: text/css
8/6/2023 1:05:20 PM (Server): File path: C:\Projects\antimonyiq\website\favicon.ico
8/6/2023 1:05:20 PM (Server): Content type: application/octet-stream
8/6/2023 1:05:23 PM (Server): File path: C:\Projects\antimonyiq\website\favicon.ico
8/6/2023 1:05:23 PM (Server): Content type: application/octet-stream
8/6/2023 1:05:23 PM (Server): File path: C:\Projects\antimonyiq\website\manifest.json
8/6/2023 1:05:23 PM (Server): Content type: application/octet-stream
8/6/2023 1:05:43 PM (Server): File path: C:\Projects\antimonyiq\website\index.html
8/6/2023 1:05:43 PM (Server): Content type: text/html
8/6/2023 1:05:43 PM (Server): File path: C:\Projects\antimonyiq\website\assets\css\style.css
8/6/2023 1:05:43 PM (Server): Content type: text/css
8/6/2023 1:05:43 PM (Server): File path: C:\Projects\antimonyiq\website\assets\js\main.js
8/6/2023 1:05:43 PM (Server): Content type: text/javascript
8/6/2023 1:05:43 PM (Server): File path: C:\Projects\antimonyiq\website\libs\uuid.js
8/6/2023 1:05:43 PM (Server): Content type: text/javascript
8/6/2023 1:05:43 PM (Server): File path: C:\Projects\antimonyiq\website\utils\filelogger.js
8/6/2023 1:05:43 PM (Server): Content type: text/javascript
8/6/2023 1:05:44 PM (Server): File path: C:\Projects\antimonyiq\website\assets\css\print.css
8/6/2023 1:05:44 PM (Server): Content type: text/css
8/6/2023 1:05:46 PM (Server): File path: C:\Projects\antimonyiq\website\favicon.ico
8/6/2023 1:05:46 PM (Server): Content type: application/octet-stream
8/6/2023 1:05:48 PM (Server): File path: C:\Projects\antimonyiq\website\favicon.ico
8/6/2023 1:05:48 PM (Server): Content type: application/octet-stream
8/6/2023 1:05:48 PM (Server): File path: C:\Projects\antimonyiq\website\manifest.json
8/6/2023 1:05:48 PM (Server): Content type: application/octet-stream
8/6/2023 1:06:42 PM (Server): Content type: text/html
8/6/2023 1:06:42 PM (Server): File path: C:\Projects\antimonyiq\website\index.html
8/6/2023 1:06:43 PM (Server): File path: C:\Projects\antimonyiq\website\assets\css\style.css
8/6/2023 1:06:43 PM (Server): Content type: text/css
8/6/2023 1:06:43 PM (Server): File path: C:\Projects\antimonyiq\website\assets\js\main.js
8/6/2023 1:06:43 PM (Server): Content type: text/javascript
8/6/2023 1:06:43 PM (Server): Content type: text/javascript
8/6/2023 1:06:43 PM (Server): File path: C:\Projects\antimonyiq\website\libs\uuid.js
8/6/2023 1:06:43 PM (Server): File path: C:\Projects\antimonyiq\website\utils\filelogger.js
8/6/2023 1:06:43 PM (Server): Content type: text/javascript
8/6/2023 1:06:44 PM (Server): File path: C:\Projects\antimonyiq\website\assets\css\print.css
8/6/2023 1:06:44 PM (Server): Content type: text/css
8/6/2023 1:06:47 PM (Server): File path: C:\Projects\antimonyiq\website\favicon.ico
8/6/2023 1:06:47 PM (Server): Content type: application/octet-stream
8/6/2023 1:06:49 PM (Server): Content type: application/octet-stream
8/6/2023 1:06:49 PM (Server): File path: C:\Projects\antimonyiq\website\favicon.ico
8/6/2023 1:06:49 PM (Server): File path: C:\Projects\antimonyiq\website\manifest.json
8/6/2023 1:06:49 PM (Server): Content type: application/octet-stream
8/6/2023 1:09:56 PM (Server): File path: C:\Projects\antimonyiq\website\index.html
8/6/2023 1:09:56 PM (Server): Content type: text/html
8/6/2023 1:09:56 PM (Server): File path: C:\Projects\antimonyiq\website\assets\css\style.css
8/6/2023 1:09:56 PM (Server): Content type: text/css
8/6/2023 1:09:56 PM (Server): File path: C:\Projects\antimonyiq\website\libs\uuid.js
8/6/2023 1:09:56 PM (Server): Content type: text/javascript
8/6/2023 1:09:56 PM (Server): File path: C:\Projects\antimonyiq\website\utils\filelogger.js
8/6/2023 1:09:56 PM (Server): Content type: text/javascript
8/6/2023 1:09:56 PM (Server): File path: C:\Projects\antimonyiq\website\assets\js\main.js
8/6/2023 1:09:56 PM (Server): Content type: text/javascript
8/6/2023 1:09:57 PM (Server): File path: C:\Projects\antimonyiq\website\assets\css\print.css
8/6/2023 1:09:57 PM (Server): Content type: text/css
8/6/2023 1:10:00 PM (Server): Content type: application/octet-stream
8/6/2023 1:10:00 PM (Server): File path: C:\Projects\antimonyiq\website\favicon.ico
8/6/2023 1:10:02 PM (Server): File path: C:\Projects\antimonyiq\website\favicon.ico
8/6/2023 1:10:02 PM (Server): Content type: application/octet-stream
8/6/2023 1:10:02 PM (Server): Content type: application/octet-stream
8/6/2023 1:10:02 PM (Server): File path: C:\Projects\antimonyiq\website\manifest.json
8/6/2023 1:10:55 PM (Server): File path: C:\Projects\antimonyiq\website\index.html
8/6/2023 1:10:55 PM (Server): Content type: text/html
8/6/2023 1:10:55 PM (Server): File path: C:\Projects\antimonyiq\website\assets\css\style.css
8/6/2023 1:10:55 PM (Server): Content type: text/css
8/6/2023 1:10:55 PM (Server): File path: C:\Projects\antimonyiq\website\assets\js\main.js
8/6/2023 1:10:55 PM (Server): Content type: text/javascript
8/6/2023 1:10:55 PM (Server): File path: C:\Projects\antimonyiq\website\libs\uuid.js
8/6/2023 1:10:55 PM (Server): Content type: text/javascript
8/6/2023 1:10:55 PM (Server): File path: C:\Projects\antimonyiq\website\utils\filelogger.js
8/6/2023 1:10:55 PM (Server): Content type: text/javascript
8/6/2023 1:10:56 PM (Server): Content type: text/css
8/6/2023 1:10:56 PM (Server): File path: C:\Projects\antimonyiq\website\assets\css\print.css
8/6/2023 1:10:58 PM (Server): File path: C:\Projects\antimonyiq\website\favicon.ico
8/6/2023 1:10:58 PM (Server): Content type: application/octet-stream
8/6/2023 1:11:00 PM (Server): File path: C:\Projects\antimonyiq\website\favicon.ico
8/6/2023 1:11:00 PM (Server): Content type: application/octet-stream
8/6/2023 1:11:00 PM (Server): File path: C:\Projects\antimonyiq\website\manifest.json
8/6/2023 1:11:00 PM (Server): Content type: application/octet-stream
8/6/2023 1:12:46 PM (Server): File path: C:\Projects\antimonyiq\website\index.html
8/6/2023 1:12:46 PM (Server): Content type: text/html
8/6/2023 1:12:46 PM (Server): File path: C:\Projects\antimonyiq\website\assets\css\style.css
8/6/2023 1:12:46 PM (Server): Content type: text/css
8/6/2023 1:12:46 PM (Server): File path: C:\Projects\antimonyiq\website\assets\js\main.js
8/6/2023 1:12:46 PM (Server): Content type: text/javascript
8/6/2023 1:12:46 PM (Server): File path: C:\Projects\antimonyiq\website\libs\uuid.js
8/6/2023 1:12:46 PM (Server): File path: C:\Projects\antimonyiq\website\utils\filelogger.js
8/6/2023 1:12:46 PM (Server): Content type: text/javascript
8/6/2023 1:12:46 PM (Server): Content type: text/javascript
8/6/2023 1:12:47 PM (Server): File path: C:\Projects\antimonyiq\website\assets\css\print.css
8/6/2023 1:12:47 PM (Server): Content type: text/css
8/6/2023 1:12:49 PM (Server): File path: C:\Projects\antimonyiq\website\favicon.ico
8/6/2023 1:12:49 PM (Server): Content type: application/octet-stream
8/6/2023 1:12:51 PM (Server): Content type: application/octet-stream
8/6/2023 1:12:51 PM (Server): File path: C:\Projects\antimonyiq\website\favicon.ico
8/6/2023 1:12:51 PM (Server): File path: C:\Projects\antimonyiq\website\manifest.json
8/6/2023 1:12:51 PM (Server): Content type: application/octet-stream
8/6/2023 1:13:01 PM (Server): File path: C:\Projects\antimonyiq\website\index.html
8/6/2023 1:13:01 PM (Server): Content type: text/html
8/6/2023 1:13:01 PM (Server): File path: C:\Projects\antimonyiq\website\assets\css\style.css
8/6/2023 1:13:01 PM (Server): Content type: text/css
8/6/2023 1:13:01 PM (Server): File path: C:\Projects\antimonyiq\website\assets\js\main.js
8/6/2023 1:13:01 PM (Server): Content type: text/javascript
8/6/2023 1:13:01 PM (Server): File path: C:\Projects\antimonyiq\website\libs\uuid.js
8/6/2023 1:13:01 PM (Server): Content type: text/javascript
8/6/2023 1:13:01 PM (Server): File path: C:\Projects\antimonyiq\website\utils\filelogger.js
8/6/2023 1:13:01 PM (Server): Content type: text/javascript
8/6/2023 1:13:02 PM (Server): File path: C:\Projects\antimonyiq\website\assets\css\print.css
8/6/2023 1:13:02 PM (Server): Content type: text/css
8/6/2023 1:13:04 PM (Server): File path: C:\Projects\antimonyiq\website\favicon.ico
8/6/2023 1:13:04 PM (Server): Content type: application/octet-stream
8/6/2023 1:13:07 PM (Server): File path: C:\Projects\antimonyiq\website\favicon.ico
8/6/2023 1:13:07 PM (Server): Content type: application/octet-stream
8/6/2023 1:13:07 PM (Server): File path: C:\Projects\antimonyiq\website\manifest.json
8/6/2023 1:13:07 PM (Server): Content type: application/octet-stream
8/6/2023 1:14:39 PM (Server): File path: C:\Projects\antimonyiq\website\index.html
8/6/2023 1:14:39 PM (Server): Content type: text/html
8/6/2023 1:14:39 PM (Server): File path: C:\Projects\antimonyiq\website\assets\css\style.css
8/6/2023 1:14:39 PM (Server): Content type: text/css
8/6/2023 1:14:39 PM (Server): File path: C:\Projects\antimonyiq\website\assets\js\main.js
8/6/2023 1:14:39 PM (Server): Content type: text/javascript
8/6/2023 1:14:39 PM (Server): File path: C:\Projects\antimonyiq\website\libs\uuid.js
8/6/2023 1:14:39 PM (Server): Content type: text/javascript
8/6/2023 1:14:39 PM (Server): File path: C:\Projects\antimonyiq\website\utils\filelogger.js
8/6/2023 1:14:39 PM (Server): Content type: text/javascript
8/6/2023 1:14:40 PM (Server): File path: C:\Projects\antimonyiq\website\assets\css\print.css
8/6/2023 1:14:40 PM (Server): Content type: text/css
8/6/2023 1:14:42 PM (Server): File path: C:\Projects\antimonyiq\website\favicon.ico
8/6/2023 1:14:42 PM (Server): Content type: application/octet-stream
8/6/2023 1:14:44 PM (Server): File path: C:\Projects\antimonyiq\website\favicon.ico
8/6/2023 1:14:44 PM (Server): Content type: application/octet-stream
8/6/2023 1:14:45 PM (Server): File path: C:\Projects\antimonyiq\website\manifest.json
8/6/2023 1:14:45 PM (Server): Content type: application/octet-stream
8/6/2023 1:15:22 PM (Server): File path: C:\Projects\antimonyiq\website\index.html
8/6/2023 1:15:22 PM (Server): Content type: text/html
8/6/2023 1:15:23 PM (Server): File path: C:\Projects\antimonyiq\website\assets\css\style.css
8/6/2023 1:15:23 PM (Server): Content type: text/css
8/6/2023 1:15:23 PM (Server): File path: C:\Projects\antimonyiq\website\assets\js\main.js
8/6/2023 1:15:23 PM (Server): Content type: text/javascript
8/6/2023 1:15:23 PM (Server): Content type: text/javascript
8/6/2023 1:15:23 PM (Server): File path: C:\Projects\antimonyiq\website\libs\uuid.js
8/6/2023 1:15:23 PM (Server): File path: C:\Projects\antimonyiq\website\utils\filelogger.js
8/6/2023 1:15:23 PM (Server): Content type: text/javascript
8/6/2023 1:15:24 PM (Server): Content type: text/css
8/6/2023 1:15:24 PM (Server): File path: C:\Projects\antimonyiq\website\assets\css\print.css
8/6/2023 1:15:25 PM (Server): File path: C:\Projects\antimonyiq\website\favicon.ico
8/6/2023 1:15:25 PM (Server): Content type: application/octet-stream
8/6/2023 1:15:28 PM (Server): File path: C:\Projects\antimonyiq\website\favicon.ico
8/6/2023 1:15:28 PM (Server): Content type: application/octet-stream
8/6/2023 1:15:28 PM (Server): Content type: application/octet-stream
8/6/2023 1:15:28 PM (Server): File path: C:\Projects\antimonyiq\website\manifest.json
